<?xml version="1.0" encoding="UTF-8"?>
<testng-results ignored="0" total="3" passed="3" failed="0" skipped="0">
  <reporter-output>
  </reporter-output>
  <suite started-at="2024-07-28T19:54:03 IST" name="Suite" finished-at="2024-07-28T19:55:41 IST" duration-ms="97954">
    <groups>
    </groups>
    <test started-at="2024-07-28T19:54:03 IST" name="chrometest" finished-at="2024-07-28T19:55:08 IST" duration-ms="65054">
      <class name="com.amazon.amazontest">
        <test-method signature="crossBrowseTest(java.lang.String)[pri:0, instance:com.amazon.amazontest@4eb386df]" started-at="2024-07-28T19:54:03 IST" name="crossBrowseTest" finished-at="2024-07-28T19:55:08 IST" duration-ms="64925" status="PASS">
          <params>
            <param index="0">
              <value>
                <![CDATA[Chrome]]>
              </value>
            </param>
          </params>
          <reporter-output>
          </reporter-output>
        </test-method> <!-- crossBrowseTest -->
      </class> <!-- com.amazon.amazontest -->
    </test> <!-- chrometest -->
    <test started-at="2024-07-28T19:54:03 IST" name="seleniumtest" finished-at="2024-07-28T19:55:18 IST" duration-ms="74433">
      <class name="com.amazon.amazontest">
        <test-method signature="crossBrowseTest(java.lang.String)[pri:0, instance:com.amazon.amazontest@45fd9a4d]" started-at="2024-07-28T19:54:03 IST" name="crossBrowseTest" finished-at="2024-07-28T19:55:18 IST" duration-ms="74332" status="PASS">
          <params>
            <param index="0">
              <value>
                <![CDATA[Edge]]>
              </value>
            </param>
          </params>
          <reporter-output>
          </reporter-output>
        </test-method> <!-- crossBrowseTest -->
      </class> <!-- com.amazon.amazontest -->
    </test> <!-- seleniumtest -->
    <test started-at="2024-07-28T19:54:03 IST" name="firefoxtest" finished-at="2024-07-28T19:55:41 IST" duration-ms="97954">
      <class name="com.amazon.amazontest">
        <test-method signature="crossBrowseTest(java.lang.String)[pri:0, instance:com.amazon.amazontest@55322aab]" started-at="2024-07-28T19:54:03 IST" name="crossBrowseTest" finished-at="2024-07-28T19:55:41 IST" duration-ms="97853" status="PASS">
          <params>
            <param index="0">
              <value>
                <![CDATA[FireFox]]>
              </value>
            </param>
          </params>
          <reporter-output>
          </reporter-output>
        </test-method> <!-- crossBrowseTest -->
      </class> <!-- com.amazon.amazontest -->
    </test> <!-- firefoxtest -->
  </suite> <!-- Suite -->
</testng-results>
